Determining if the pthread_create exist failed with the following output:
Change Dir: /home/anurag/mother_ws/selfie_ws/src/QT/build-pose_for_gpu-ROS-Default/CMakeFiles/CMakeTmp

Run Build Command:"/usr/bin/make" "cmTC_3eab5/fast"
/usr/bin/make -f CMakeFiles/cmTC_3eab5.dir/build.make CMakeFiles/cmTC_3eab5.dir/build
make[1]: Entering directory '/home/anurag/mother_ws/selfie_ws/src/QT/build-pose_for_gpu-ROS-Default/CMakeFiles/CMakeTmp'
Building C object CMakeFiles/cmTC_3eab5.dir/CheckSymbolExists.c.o
/usr/bin/gcc     -o CMakeFiles/cmTC_3eab5.dir/CheckSymbolExists.c.o   -c /home/anurag/mother_ws/selfie_ws/src/QT/build-pose_for_gpu-ROS-Default/CMakeFiles/CMakeTmp/CheckSymbolExists.c
Linking C executable cmTC_3eab5
/usr/bin/cmake -E cmake_link_script CMakeFiles/cmTC_3eab5.dir/link.txt --verbose=1
/usr/bin/gcc       CMakeFiles/cmTC_3eab5.dir/CheckSymbolExists.c.o  -o cmTC_3eab5 -rdynamic 
CMakeFiles/cmTC_3eab5.dir/CheckSymbolExists.c.o: In function `main':
CheckSymbolExists.c:(.text+0x16): undefined reference to `pthread_create'
collect2: error: ld returned 1 exit status
CMakeFiles/cmTC_3eab5.dir/build.make:97: recipe for target 'cmTC_3eab5' failed
make[1]: *** [cmTC_3eab5] Error 1
make[1]: Leaving directory '/home/anurag/mother_ws/selfie_ws/src/QT/build-pose_for_gpu-ROS-Default/CMakeFiles/CMakeTmp'
Makefile:126: recipe for target 'cmTC_3eab5/fast' failed
make: *** [cmTC_3eab5/fast] Error 2

File /home/anurag/mother_ws/selfie_ws/src/QT/build-pose_for_gpu-ROS-Default/CMakeFiles/CMakeTmp/CheckSymbolExists.c:
/* */
#include <pthread.h>

int main(int argc, char** argv)
{
  (void)argv;
#ifndef pthread_create
  return ((int*)(&pthread_create))[argc];
#else
  (void)argc;
  return 0;
#endif
}

Determining if the function pthread_create exists in the pthreads failed with the following output:
Change Dir: /home/anurag/mother_ws/selfie_ws/src/QT/build-pose_for_gpu-ROS-Default/CMakeFiles/CMakeTmp

Run Build Command:"/usr/bin/make" "cmTC_b7808/fast"
/usr/bin/make -f CMakeFiles/cmTC_b7808.dir/build.make CMakeFiles/cmTC_b7808.dir/build
make[1]: Entering directory '/home/anurag/mother_ws/selfie_ws/src/QT/build-pose_for_gpu-ROS-Default/CMakeFiles/CMakeTmp'
Building C object CMakeFiles/cmTC_b7808.dir/CheckFunctionExists.c.o
/usr/bin/gcc    -DCHECK_FUNCTION_EXISTS=pthread_create   -o CMakeFiles/cmTC_b7808.dir/CheckFunctionExists.c.o   -c /usr/share/cmake-3.5/Modules/CheckFunctionExists.c
Linking C executable cmTC_b7808
/usr/bin/cmake -E cmake_link_script CMakeFiles/cmTC_b7808.dir/link.txt --verbose=1
/usr/bin/gcc   -DCHECK_FUNCTION_EXISTS=pthread_create    CMakeFiles/cmTC_b7808.dir/CheckFunctionExists.c.o  -o cmTC_b7808 -rdynamic -lpthreads 
/usr/bin/ld: cannot find -lpthreads
collect2: error: ld returned 1 exit status
CMakeFiles/cmTC_b7808.dir/build.make:97: recipe for target 'cmTC_b7808' failed
make[1]: *** [cmTC_b7808] Error 1
make[1]: Leaving directory '/home/anurag/mother_ws/selfie_ws/src/QT/build-pose_for_gpu-ROS-Default/CMakeFiles/CMakeTmp'
Makefile:126: recipe for target 'cmTC_b7808/fast' failed
make: *** [cmTC_b7808/fast] Error 2


